<?xml version="1.0" encoding="UTF-8"?>
<!-- Generated by org.testng.reporters.JUnitReportReporter -->
<testsuite hostname="DESKTOP-MC03AK4" failures="0" tests="1" name="com.vtigerTestcase.Tc_04_OragnizationwithindustryddTest" time="7.923" errors="0" timestamp="2023-10-06T09:31:47 IST" skipped="0">
  <testcase classname="com.vtigerTestcase.Tc_04_OragnizationwithindustryddTest" name="instryDD" time="7.923"/>
</testsuite> <!-- com.vtigerTestcase.Tc_04_OragnizationwithindustryddTest -->
