<?xml version="1.0" encoding="UTF-8"?>
<!-- Generated by org.testng.reporters.JUnitReportReporter -->
<testsuite hostname="DESKTOP-MC03AK4" failures="0" tests="1" name="com.vtigerTestcase.Tc_CreateContact" time="23.387" errors="0" timestamp="2023-10-05T20:17:51 IST" skipped="0">
  <testcase classname="com.vtigerTestcase.Tc_CreateContact" name="Tc02_contactwithorg" time="23.387"/>
</testsuite> <!-- com.vtigerTestcase.Tc_CreateContact -->
